"5/15/2026 12:18:09 PM","4624","An account was successfully logged on.  Subject: 	Security ID:		S-1-0-0 	Account Name:		- 	Account Domain:		- 	Logon ID:		0x0  Logon Information: 	Logon Type:		3 	Restricted Admin Mode:	- 	Virtual Account:		No 	Elevated Token:		Yes  Impersonation Level:		Impersonation  New Logon: 	Security ID:		S-1-5-21-REDACTED-REDACTED-REDACTED-500 	Account Name:		Administrator 	Account Domain:		CORP.LOCAL 	Logon ID:		0xBAFA2 	Linked Logon ID:		0x0 	Network Account Name:	- 	Network Account Domain:	- 	Logon GUID:		{a13a4678-bb55-ff37-73fc-6182e7bd7280}  Process Information: 	Process ID:		0x0 	Process Name:		-  Network Information: 	Workstation Name:	- 	Source Network Address:	192.168.100.20 	Source Port:		56573  Detailed Authentication Information: 	Logon Process:		Kerberos 	Authentication Package:	Kerberos 	Transited Services:	- 	Package Name (NTLM only):	- 	Key Length:		0  This event is generated when a logon session is created. It is generated on the computer that was accessed.  The subject fields indicate the account on the local system which requested the logon. This is most commonly a service such as the Server service, or a local process such as Winlogon.exe or Services.exe.  The logon type field indicates the kind of logon that occurred. The most common types are 2 (interactive) and 3 (network).  The New Logon fields indicate the account for whom the new logon was created, i.e. the account that was logged on.  The network fields indicate where a remote logon request originated. Workstation name is not always available and may be left blank in some cases.  The impersonation level field indicates the extent to which a process in the logon session can impersonate.  The authentication information fields provide detailed information about this specific logon request. 	- Logon GUID is a unique identifier that can be used to correlate this event with a KDC event. 	- Transited services indicate which intermediate services have participated in this logon request. 	- Package name indicates which sub-protocol was used among the NTLM protocols. 	- Key length indicates the length of the generated session key. This will be 0 if no session key was requested."
"5/15/2026 12:18:09 PM","4624","An account was successfully logged on.  Subject: 	Security ID:		S-1-0-0 	Account Name:		- 	Account Domain:		- 	Logon ID:		0x0  Logon Information: 	Logon Type:		3 	Restricted Admin Mode:	- 	Virtual Account:		No 	Elevated Token:		Yes  Impersonation Level:		Impersonation  New Logon: 	Security ID:		S-1-5-21-REDACTED-REDACTED-REDACTED-1106 	Account Name:		WIN10-CLOIENT$ 	Account Domain:		CORP.LOCAL 	Logon ID:		0xBAF89 	Linked Logon ID:		0x0 	Network Account Name:	- 	Network Account Domain:	- 	Logon GUID:		{a548125b-e996-3c9a-4471-117e210198de}  Process Information: 	Process ID:		0x0 	Process Name:		-  Network Information: 	Workstation Name:	- 	Source Network Address:	192.168.100.20 	Source Port:		56572  Detailed Authentication Information: 	Logon Process:		Kerberos 	Authentication Package:	Kerberos 	Transited Services:	- 	Package Name (NTLM only):	- 	Key Length:		0  This event is generated when a logon session is created. It is generated on the computer that was accessed.  The subject fields indicate the account on the local system which requested the logon. This is most commonly a service such as the Server service, or a local process such as Winlogon.exe or Services.exe.  The logon type field indicates the kind of logon that occurred. The most common types are 2 (interactive) and 3 (network).  The New Logon fields indicate the account for whom the new logon was created, i.e. the account that was logged on.  The network fields indicate where a remote logon request originated. Workstation name is not always available and may be left blank in some cases.  The impersonation level field indicates the extent to which a process in the logon session can impersonate.  The authentication information fields provide detailed information about this specific logon request. 	- Logon GUID is a unique identifier that can be used to correlate this event with a KDC event. 	- Transited services indicate which intermediate services have participated in this logon request. 	- Package name indicates which sub-protocol was used among the NTLM protocols. 	- Key length indicates the length of the generated session key. This will be 0 if no session key was requested."
"5/15/2026 12:18:09 PM","4624","An account was successfully logged on.  Subject: 	Security ID:		S-1-0-0 	Account Name:		- 	Account Domain:		- 	Logon ID:		0x0  Logon Information: 	Logon Type:		3 	Restricted Admin Mode:	- 	Virtual Account:		No 	Elevated Token:		Yes  Impersonation Level:		Impersonation  New Logon: 	Security ID:		S-1-5-21-REDACTED-REDACTED-REDACTED-500 	Account Name:		Administrator 	Account Domain:		CORP.LOCAL 	Logon ID:		0xBAF49 	Linked Logon ID:		0x0 	Network Account Name:	- 	Network Account Domain:	- 	Logon GUID:		{a13a4678-bb55-ff37-73fc-6182e7bd7280}  Process Information: 	Process ID:		0x0 	Process Name:		-  Network Information: 	Workstation Name:	- 	Source Network Address:	192.168.100.20 	Source Port:		56569  Detailed Authentication Information: 	Logon Process:		Kerberos 	Authentication Package:	Kerberos 	Transited Services:	- 	Package Name (NTLM only):	- 	Key Length:		0  This event is generated when a logon session is created. It is generated on the computer that was accessed.  The subject fields indicate the account on the local system which requested the logon. This is most commonly a service such as the Server service, or a local process such as Winlogon.exe or Services.exe.  The logon type field indicates the kind of logon that occurred. The most common types are 2 (interactive) and 3 (network).  The New Logon fields indicate the account for whom the new logon was created, i.e. the account that was logged on.  The network fields indicate where a remote logon request originated. Workstation name is not always available and may be left blank in some cases.  The impersonation level field indicates the extent to which a process in the logon session can impersonate.  The authentication information fields provide detailed information about this specific logon request. 	- Logon GUID is a unique identifier that can be used to correlate this event with a KDC event. 	- Transited services indicate which intermediate services have participated in this logon request. 	- Package name indicates which sub-protocol was used among the NTLM protocols. 	- Key length indicates the length of the generated session key. This will be 0 if no session key was requested."
"5/15/2026 12:17:48 PM","4624","An account was successfully logged on.  Subject: 	Security ID:		S-1-0-0 	Account Name:		- 	Account Domain:		- 	Logon ID:		0x0  Logon Information: 	Logon Type:		3 	Restricted Admin Mode:	- 	Virtual Account:		No 	Elevated Token:		Yes  Impersonation Level:		Impersonation  New Logon: 	Security ID:		S-1-5-18 	Account Name:		DC01$ 	Account Domain:		CORP.LOCAL 	Logon ID:		0xB812B 	Linked Logon ID:		0x0 	Network Account Name:	- 	Network Account Domain:	- 	Logon GUID:		{035a7bff-2359-0075-1442-8a2d2c1abf36}  Process Information: 	Process ID:		0x0 	Process Name:		-  Network Information: 	Workstation Name:	- 	Source Network Address:	::1 	Source Port:		53619  Detailed Authentication Information: 	Logon Process:		Kerberos 	Authentication Package:	Kerberos 	Transited Services:	- 	Package Name (NTLM only):	- 	Key Length:		0  This event is generated when a logon session is created. It is generated on the computer that was accessed.  The subject fields indicate the account on the local system which requested the logon. This is most commonly a service such as the Server service, or a local process such as Winlogon.exe or Services.exe.  The logon type field indicates the kind of logon that occurred. The most common types are 2 (interactive) and 3 (network).  The New Logon fields indicate the account for whom the new logon was created, i.e. the account that was logged on.  The network fields indicate where a remote logon request originated. Workstation name is not always available and may be left blank in some cases.  The impersonation level field indicates the extent to which a process in the logon session can impersonate.  The authentication information fields provide detailed information about this specific logon request. 	- Logon GUID is a unique identifier that can be used to correlate this event with a KDC event. 	- Transited services indicate which intermediate services have participated in this logon request. 	- Package name indicates which sub-protocol was used among the NTLM protocols. 	- Key length indicates the length of the generated session key. This will be 0 if no session key was requested."
"5/15/2026 12:17:09 PM","4624","An account was successfully logged on.  Subject: 	Security ID:		S-1-0-0 	Account Name:		- 	Account Domain:		- 	Logon ID:		0x0  Logon Information: 	Logon Type:		3 	Restricted Admin Mode:	- 	Virtual Account:		No 	Elevated Token:		Yes  Impersonation Level:		Impersonation  New Logon: 	Security ID:		S-1-5-18 	Account Name:		DC01$ 	Account Domain:		CORP.LOCAL 	Logon ID:		0xB6872 	Linked Logon ID:		0x0 	Network Account Name:	- 	Network Account Domain:	- 	Logon GUID:		{035a7bff-2359-0075-1442-8a2d2c1abf36}  Process Information: 	Process ID:		0x0 	Process Name:		-  Network Information: 	Workstation Name:	- 	Source Network Address:	::1 	Source Port:		53618  Detailed Authentication Information: 	Logon Process:		Kerberos 	Authentication Package:	Kerberos 	Transited Services:	- 	Package Name (NTLM only):	- 	Key Length:		0  This event is generated when a logon session is created. It is generated on the computer that was accessed.  The subject fields indicate the account on the local system which requested the logon. This is most commonly a service such as the Server service, or a local process such as Winlogon.exe or Services.exe.  The logon type field indicates the kind of logon that occurred. The most common types are 2 (interactive) and 3 (network).  The New Logon fields indicate the account for whom the new logon was created, i.e. the account that was logged on.  The network fields indicate where a remote logon request originated. Workstation name is not always available and may be left blank in some cases.  The impersonation level field indicates the extent to which a process in the logon session can impersonate.  The authentication information fields provide detailed information about this specific logon request. 	- Logon GUID is a unique identifier that can be used to correlate this event with a KDC event. 	- Transited services indicate which intermediate services have participated in this logon request. 	- Package name indicates which sub-protocol was used among the NTLM protocols. 	- Key length indicates the length of the generated session key. This will be 0 if no session key was requested."
"5/15/2026 12:17:04 PM","4624","An account was successfully logged on.  Subject: 	Security ID:		S-1-0-0 	Account Name:		- 	Account Domain:		- 	Logon ID:		0x0  Logon Information: 	Logon Type:		3 	Restricted Admin Mode:	- 	Virtual Account:		No 	Elevated Token:		Yes  Impersonation Level:		Impersonation  New Logon: 	Security ID:		S-1-5-21-REDACTED-REDACTED-REDACTED-500 	Account Name:		Administrator 	Account Domain:		CORP.LOCAL 	Logon ID:		0xB5739 	Linked Logon ID:		0x0 	Network Account Name:	- 	Network Account Domain:	- 	Logon GUID:		{a13a4678-bb55-ff37-73fc-6182e7bd7280}  Process Information: 	Process ID:		0x0 	Process Name:		-  Network Information: 	Workstation Name:	- 	Source Network Address:	192.168.100.20 	Source Port:		56554  Detailed Authentication Information: 	Logon Process:		Kerberos 	Authentication Package:	Kerberos 	Transited Services:	- 	Package Name (NTLM only):	- 	Key Length:		0  This event is generated when a logon session is created. It is generated on the computer that was accessed.  The subject fields indicate the account on the local system which requested the logon. This is most commonly a service such as the Server service, or a local process such as Winlogon.exe or Services.exe.  The logon type field indicates the kind of logon that occurred. The most common types are 2 (interactive) and 3 (network).  The New Logon fields indicate the account for whom the new logon was created, i.e. the account that was logged on.  The network fields indicate where a remote logon request originated. Workstation name is not always available and may be left blank in some cases.  The impersonation level field indicates the extent to which a process in the logon session can impersonate.  The authentication information fields provide detailed information about this specific logon request. 	- Logon GUID is a unique identifier that can be used to correlate this event with a KDC event. 	- Transited services indicate which intermediate services have participated in this logon request. 	- Package name indicates which sub-protocol was used among the NTLM protocols. 	- Key length indicates the length of the generated session key. This will be 0 if no session key was requested."
"5/15/2026 12:17:04 PM","4624","An account was successfully logged on.  Subject: 	Security ID:		S-1-0-0 	Account Name:		- 	Account Domain:		- 	Logon ID:		0x0  Logon Information: 	Logon Type:		3 	Restricted Admin Mode:	- 	Virtual Account:		No 	Elevated Token:		Yes  Impersonation Level:		Impersonation  New Logon: 	Security ID:		S-1-5-21-REDACTED-REDACTED-REDACTED-500 	Account Name:		Administrator 	Account Domain:		CORP.LOCAL 	Logon ID:		0xB5722 	Linked Logon ID:		0x0 	Network Account Name:	- 	Network Account Domain:	- 	Logon GUID:		{a13a4678-bb55-ff37-73fc-6182e7bd7280}  Process Information: 	Process ID:		0x0 	Process Name:		-  Network Information: 	Workstation Name:	- 	Source Network Address:	192.168.100.20 	Source Port:		56553  Detailed Authentication Information: 	Logon Process:		Kerberos 	Authentication Package:	Kerberos 	Transited Services:	- 	Package Name (NTLM only):	- 	Key Length:		0  This event is generated when a logon session is created. It is generated on the computer that was accessed.  The subject fields indicate the account on the local system which requested the logon. This is most commonly a service such as the Server service, or a local process such as Winlogon.exe or Services.exe.  The logon type field indicates the kind of logon that occurred. The most common types are 2 (interactive) and 3 (network).  The New Logon fields indicate the account for whom the new logon was created, i.e. the account that was logged on.  The network fields indicate where a remote logon request originated. Workstation name is not always available and may be left blank in some cases.  The impersonation level field indicates the extent to which a process in the logon session can impersonate.  The authentication information fields provide detailed information about this specific logon request. 	- Logon GUID is a unique identifier that can be used to correlate this event with a KDC event. 	- Transited services indicate which intermediate services have participated in this logon request. 	- Package name indicates which sub-protocol was used among the NTLM protocols. 	- Key length indicates the length of the generated session key. This will be 0 if no session key was requested."
"5/15/2026 12:17:04 PM","4624","An account was successfully logged on.  Subject: 	Security ID:		S-1-0-0 	Account Name:		- 	Account Domain:		- 	Logon ID:		0x0  Logon Information: 	Logon Type:		3 	Restricted Admin Mode:	- 	Virtual Account:		No 	Elevated Token:		Yes  Impersonation Level:		Delegation  New Logon: 	Security ID:		S-1-5-18 	Account Name:		DC01$ 	Account Domain:		CORP.LOCAL 	Logon ID:		0xB5704 	Linked Logon ID:		0x0 	Network Account Name:	- 	Network Account Domain:	- 	Logon GUID:		{f68b235f-0070-028b-4889-a2804f09fe1e}  Process Information: 	Process ID:		0x0 	Process Name:		-  Network Information: 	Workstation Name:	- 	Source Network Address:	fe80::82:b01f:cc61:77d 	Source Port:		53617  Detailed Authentication Information: 	Logon Process:		Kerberos 	Authentication Package:	Kerberos 	Transited Services:	- 	Package Name (NTLM only):	- 	Key Length:		0  This event is generated when a logon session is created. It is generated on the computer that was accessed.  The subject fields indicate the account on the local system which requested the logon. This is most commonly a service such as the Server service, or a local process such as Winlogon.exe or Services.exe.  The logon type field indicates the kind of logon that occurred. The most common types are 2 (interactive) and 3 (network).  The New Logon fields indicate the account for whom the new logon was created, i.e. the account that was logged on.  The network fields indicate where a remote logon request originated. Workstation name is not always available and may be left blank in some cases.  The impersonation level field indicates the extent to which a process in the logon session can impersonate.  The authentication information fields provide detailed information about this specific logon request. 	- Logon GUID is a unique identifier that can be used to correlate this event with a KDC event. 	- Transited services indicate which intermediate services have participated in this logon request. 	- Package name indicates which sub-protocol was used among the NTLM protocols. 	- Key length indicates the length of the generated session key. This will be 0 if no session key was requested."
"5/15/2026 12:17:04 PM","4624","An account was successfully logged on.  Subject: 	Security ID:		S-1-0-0 	Account Name:		- 	Account Domain:		- 	Logon ID:		0x0  Logon Information: 	Logon Type:		3 	Restricted Admin Mode:	- 	Virtual Account:		No 	Elevated Token:		Yes  Impersonation Level:		Impersonation  New Logon: 	Security ID:		S-1-5-21-REDACTED-REDACTED-REDACTED-500 	Account Name:		Administrator 	Account Domain:		CORP.LOCAL 	Logon ID:		0xB4FB5 	Linked Logon ID:		0x0 	Network Account Name:	- 	Network Account Domain:	- 	Logon GUID:		{a13a4678-bb55-ff37-73fc-6182e7bd7280}  Process Information: 	Process ID:		0x0 	Process Name:		-  Network Information: 	Workstation Name:	- 	Source Network Address:	192.168.100.20 	Source Port:		56551  Detailed Authentication Information: 	Logon Process:		Kerberos 	Authentication Package:	Kerberos 	Transited Services:	- 	Package Name (NTLM only):	- 	Key Length:		0  This event is generated when a logon session is created. It is generated on the computer that was accessed.  The subject fields indicate the account on the local system which requested the logon. This is most commonly a service such as the Server service, or a local process such as Winlogon.exe or Services.exe.  The logon type field indicates the kind of logon that occurred. The most common types are 2 (interactive) and 3 (network).  The New Logon fields indicate the account for whom the new logon was created, i.e. the account that was logged on.  The network fields indicate where a remote logon request originated. Workstation name is not always available and may be left blank in some cases.  The impersonation level field indicates the extent to which a process in the logon session can impersonate.  The authentication information fields provide detailed information about this specific logon request. 	- Logon GUID is a unique identifier that can be used to correlate this event with a KDC event. 	- Transited services indicate which intermediate services have participated in this logon request. 	- Package name indicates which sub-protocol was used among the NTLM protocols. 	- Key length indicates the length of the generated session key. This will be 0 if no session key was requested."
"5/15/2026 12:17:04 PM","4624","An account was successfully logged on.  Subject: 	Security ID:		S-1-0-0 	Account Name:		- 	Account Domain:		- 	Logon ID:		0x0  Logon Information: 	Logon Type:		3 	Restricted Admin Mode:	- 	Virtual Account:		No 	Elevated Token:		Yes  Impersonation Level:		Impersonation  New Logon: 	Security ID:		S-1-5-21-REDACTED-REDACTED-REDACTED-500 	Account Name:		Administrator 	Account Domain:		CORP.LOCAL 	Logon ID:		0xB4F95 	Linked Logon ID:		0x0 	Network Account Name:	- 	Network Account Domain:	- 	Logon GUID:		{a13a4678-bb55-ff37-73fc-6182e7bd7280}  Process Information: 	Process ID:		0x0 	Process Name:		-  Network Information: 	Workstation Name:	- 	Source Network Address:	192.168.100.20 	Source Port:		56549  Detailed Authentication Information: 	Logon Process:		Kerberos 	Authentication Package:	Kerberos 	Transited Services:	- 	Package Name (NTLM only):	- 	Key Length:		0  This event is generated when a logon session is created. It is generated on the computer that was accessed.  The subject fields indicate the account on the local system which requested the logon. This is most commonly a service such as the Server service, or a local process such as Winlogon.exe or Services.exe.  The logon type field indicates the kind of logon that occurred. The most common types are 2 (interactive) and 3 (network).  The New Logon fields indicate the account for whom the new logon was created, i.e. the account that was logged on.  The network fields indicate where a remote logon request originated. Workstation name is not always available and may be left blank in some cases.  The impersonation level field indicates the extent to which a process in the logon session can impersonate.  The authentication information fields provide detailed information about this specific logon request. 	- Logon GUID is a unique identifier that can be used to correlate this event with a KDC event. 	- Transited services indicate which intermediate services have participated in this logon request. 	- Package name indicates which sub-protocol was used among the NTLM protocols. 	- Key length indicates the length of the generated session key. This will be 0 if no session key was requested."
"5/15/2026 12:16:08 PM","4624","An account was successfully logged on.  Subject: 	Security ID:		S-1-0-0 	Account Name:		- 	Account Domain:		- 	Logon ID:		0x0  Logon Information: 	Logon Type:		3 	Restricted Admin Mode:	- 	Virtual Account:		No 	Elevated Token:		Yes  Impersonation Level:		Impersonation  New Logon: 	Security ID:		S-1-5-18 	Account Name:		DC01$ 	Account Domain:		CORP.LOCAL 	Logon ID:		0xB24F1 	Linked Logon ID:		0x0 	Network Account Name:	- 	Network Account Domain:	- 	Logon GUID:		{c4394b5c-3359-e878-a141-42731cb27540}  Process Information: 	Process ID:		0x0 	Process Name:		-  Network Information: 	Workstation Name:	- 	Source Network Address:	::1 	Source Port:		0  Detailed Authentication Information: 	Logon Process:		Kerberos 	Authentication Package:	Kerberos 	Transited Services:	- 	Package Name (NTLM only):	- 	Key Length:		0  This event is generated when a logon session is created. It is generated on the computer that was accessed.  The subject fields indicate the account on the local system which requested the logon. This is most commonly a service such as the Server service, or a local process such as Winlogon.exe or Services.exe.  The logon type field indicates the kind of logon that occurred. The most common types are 2 (interactive) and 3 (network).  The New Logon fields indicate the account for whom the new logon was created, i.e. the account that was logged on.  The network fields indicate where a remote logon request originated. Workstation name is not always available and may be left blank in some cases.  The impersonation level field indicates the extent to which a process in the logon session can impersonate.  The authentication information fields provide detailed information about this specific logon request. 	- Logon GUID is a unique identifier that can be used to correlate this event with a KDC event. 	- Transited services indicate which intermediate services have participated in this logon request. 	- Package name indicates which sub-protocol was used among the NTLM protocols. 	- Key length indicates the length of the generated session key. This will be 0 if no session key was requested."
"5/15/2026 12:16:08 PM","4624","An account was successfully logged on.  Subject: 	Security ID:		S-1-5-18 	Account Name:		DC01$ 	Account Domain:		CORP 	Logon ID:		0x3E7  Logon Information: 	Logon Type:		5 	Restricted Admin Mode:	- 	Virtual Account:		No 	Elevated Token:		Yes  Impersonation Level:		Impersonation  New Logon: 	Security ID:		S-1-5-18 	Account Name:		SYSTEM 	Account Domain:		NT AUTHORITY 	Logon ID:		0x3E7 	Linked Logon ID:		0x0 	Network Account Name:	- 	Network Account Domain:	- 	Logon GUID:		{00000000-0000-0000-0000-000000000000}  Process Information: 	Process ID:		0x278 	Process Name:		C:\Windows\System32\services.exe  Network Information: 	Workstation Name:	- 	Source Network Address:	- 	Source Port:		-  Detailed Authentication Information: 	Logon Process:		Advapi   	Authentication Package:	Negotiate 	Transited Services:	- 	Package Name (NTLM only):	- 	Key Length:		0  This event is generated when a logon session is created. It is generated on the computer that was accessed.  The subject fields indicate the account on the local system which requested the logon. This is most commonly a service such as the Server service, or a local process such as Winlogon.exe or Services.exe.  The logon type field indicates the kind of logon that occurred. The most common types are 2 (interactive) and 3 (network).  The New Logon fields indicate the account for whom the new logon was created, i.e. the account that was logged on.  The network fields indicate where a remote logon request originated. Workstation name is not always available and may be left blank in some cases.  The impersonation level field indicates the extent to which a process in the logon session can impersonate.  The authentication information fields provide detailed information about this specific logon request. 	- Logon GUID is a unique identifier that can be used to correlate this event with a KDC event. 	- Transited services indicate which intermediate services have participated in this logon request. 	- Package name indicates which sub-protocol was used among the NTLM protocols. 	- Key length indicates the length of the generated session key. This will be 0 if no session key was requested."
"5/15/2026 12:16:08 PM","4624","An account was successfully logged on.  Subject: 	Security ID:		S-1-0-0 	Account Name:		- 	Account Domain:		- 	Logon ID:		0x0  Logon Information: 	Logon Type:		3 	Restricted Admin Mode:	- 	Virtual Account:		No 	Elevated Token:		Yes  Impersonation Level:		Delegation  New Logon: 	Security ID:		S-1-5-18 	Account Name:		DC01$ 	Account Domain:		CORP.LOCAL 	Logon ID:		0xB1F54 	Linked Logon ID:		0x0 	Network Account Name:	- 	Network Account Domain:	- 	Logon GUID:		{c1b2f514-6b3d-19b2-7cdf-4c79a0e1c2cf}  Process Information: 	Process ID:		0x0 	Process Name:		-  Network Information: 	Workstation Name:	- 	Source Network Address:	fe80::82:b01f:cc61:77d 	Source Port:		53603  Detailed Authentication Information: 	Logon Process:		Kerberos 	Authentication Package:	Kerberos 	Transited Services:	- 	Package Name (NTLM only):	- 	Key Length:		0  This event is generated when a logon session is created. It is generated on the computer that was accessed.  The subject fields indicate the account on the local system which requested the logon. This is most commonly a service such as the Server service, or a local process such as Winlogon.exe or Services.exe.  The logon type field indicates the kind of logon that occurred. The most common types are 2 (interactive) and 3 (network).  The New Logon fields indicate the account for whom the new logon was created, i.e. the account that was logged on.  The network fields indicate where a remote logon request originated. Workstation name is not always available and may be left blank in some cases.  The impersonation level field indicates the extent to which a process in the logon session can impersonate.  The authentication information fields provide detailed information about this specific logon request. 	- Logon GUID is a unique identifier that can be used to correlate this event with a KDC event. 	- Transited services indicate which intermediate services have participated in this logon request. 	- Package name indicates which sub-protocol was used among the NTLM protocols. 	- Key length indicates the length of the generated session key. This will be 0 if no session key was requested."
"5/15/2026 12:16:08 PM","4624","An account was successfully logged on.  Subject: 	Security ID:		S-1-0-0 	Account Name:		- 	Account Domain:		- 	Logon ID:		0x0  Logon Information: 	Logon Type:		3 	Restricted Admin Mode:	- 	Virtual Account:		No 	Elevated Token:		Yes  Impersonation Level:		Impersonation  New Logon: 	Security ID:		S-1-5-18 	Account Name:		DC01$ 	Account Domain:		CORP.LOCAL 	Logon ID:		0xB1C69 	Linked Logon ID:		0x0 	Network Account Name:	- 	Network Account Domain:	- 	Logon GUID:		{035a7bff-2359-0075-1442-8a2d2c1abf36}  Process Information: 	Process ID:		0x0 	Process Name:		-  Network Information: 	Workstation Name:	- 	Source Network Address:	fe80::82:b01f:cc61:77d 	Source Port:		53613  Detailed Authentication Information: 	Logon Process:		Kerberos 	Authentication Package:	Kerberos 	Transited Services:	- 	Package Name (NTLM only):	- 	Key Length:		0  This event is generated when a logon session is created. It is generated on the computer that was accessed.  The subject fields indicate the account on the local system which requested the logon. This is most commonly a service such as the Server service, or a local process such as Winlogon.exe or Services.exe.  The logon type field indicates the kind of logon that occurred. The most common types are 2 (interactive) and 3 (network).  The New Logon fields indicate the account for whom the new logon was created, i.e. the account that was logged on.  The network fields indicate where a remote logon request originated. Workstation name is not always available and may be left blank in some cases.  The impersonation level field indicates the extent to which a process in the logon session can impersonate.  The authentication information fields provide detailed information about this specific logon request. 	- Logon GUID is a unique identifier that can be used to correlate this event with a KDC event. 	- Transited services indicate which intermediate services have participated in this logon request. 	- Package name indicates which sub-protocol was used among the NTLM protocols. 	- Key length indicates the length of the generated session key. This will be 0 if no session key was requested."
"5/15/2026 12:16:07 PM","4624","An account was successfully logged on.  Subject: 	Security ID:		S-1-0-0 	Account Name:		- 	Account Domain:		- 	Logon ID:		0x0  Logon Information: 	Logon Type:		3 	Restricted Admin Mode:	- 	Virtual Account:		No 	Elevated Token:		Yes  Impersonation Level:		Impersonation  New Logon: 	Security ID:		S-1-5-18 	Account Name:		DC01$ 	Account Domain:		CORP.LOCAL 	Logon ID:		0xB16E1 	Linked Logon ID:		0x0 	Network Account Name:	- 	Network Account Domain:	- 	Logon GUID:		{035a7bff-2359-0075-1442-8a2d2c1abf36}  Process Information: 	Process ID:		0x0 	Process Name:		-  Network Information: 	Workstation Name:	- 	Source Network Address:	fe80::82:b01f:cc61:77d 	Source Port:		53612  Detailed Authentication Information: 	Logon Process:		Kerberos 	Authentication Package:	Kerberos 	Transited Services:	- 	Package Name (NTLM only):	- 	Key Length:		0  This event is generated when a logon session is created. It is generated on the computer that was accessed.  The subject fields indicate the account on the local system which requested the logon. This is most commonly a service such as the Server service, or a local process such as Winlogon.exe or Services.exe.  The logon type field indicates the kind of logon that occurred. The most common types are 2 (interactive) and 3 (network).  The New Logon fields indicate the account for whom the new logon was created, i.e. the account that was logged on.  The network fields indicate where a remote logon request originated. Workstation name is not always available and may be left blank in some cases.  The impersonation level field indicates the extent to which a process in the logon session can impersonate.  The authentication information fields provide detailed information about this specific logon request. 	- Logon GUID is a unique identifier that can be used to correlate this event with a KDC event. 	- Transited services indicate which intermediate services have participated in this logon request. 	- Package name indicates which sub-protocol was used among the NTLM protocols. 	- Key length indicates the length of the generated session key. This will be 0 if no session key was requested."
"5/15/2026 12:16:07 PM","4624","An account was successfully logged on.  Subject: 	Security ID:		S-1-0-0 	Account Name:		- 	Account Domain:		- 	Logon ID:		0x0  Logon Information: 	Logon Type:		3 	Restricted Admin Mode:	- 	Virtual Account:		No 	Elevated Token:		Yes  Impersonation Level:		Impersonation  New Logon: 	Security ID:		S-1-5-18 	Account Name:		DC01$ 	Account Domain:		CORP.LOCAL 	Logon ID:		0xB15D8 	Linked Logon ID:		0x0 	Network Account Name:	- 	Network Account Domain:	- 	Logon GUID:		{83e50c95-3011-8d2a-6247-0bfa9727abb3}  Process Information: 	Process ID:		0x0 	Process Name:		-  Network Information: 	Workstation Name:	- 	Source Network Address:	fe80::82:b01f:cc61:77d 	Source Port:		53610  Detailed Authentication Information: 	Logon Process:		Kerberos 	Authentication Package:	Kerberos 	Transited Services:	- 	Package Name (NTLM only):	- 	Key Length:		0  This event is generated when a logon session is created. It is generated on the computer that was accessed.  The subject fields indicate the account on the local system which requested the logon. This is most commonly a service such as the Server service, or a local process such as Winlogon.exe or Services.exe.  The logon type field indicates the kind of logon that occurred. The most common types are 2 (interactive) and 3 (network).  The New Logon fields indicate the account for whom the new logon was created, i.e. the account that was logged on.  The network fields indicate where a remote logon request originated. Workstation name is not always available and may be left blank in some cases.  The impersonation level field indicates the extent to which a process in the logon session can impersonate.  The authentication information fields provide detailed information about this specific logon request. 	- Logon GUID is a unique identifier that can be used to correlate this event with a KDC event. 	- Transited services indicate which intermediate services have participated in this logon request. 	- Package name indicates which sub-protocol was used among the NTLM protocols. 	- Key length indicates the length of the generated session key. This will be 0 if no session key was requested."
"5/15/2026 12:16:07 PM","4624","An account was successfully logged on.  Subject: 	Security ID:		S-1-0-0 	Account Name:		- 	Account Domain:		- 	Logon ID:		0x0  Logon Information: 	Logon Type:		3 	Restricted Admin Mode:	- 	Virtual Account:		No 	Elevated Token:		Yes  Impersonation Level:		Impersonation  New Logon: 	Security ID:		S-1-5-18 	Account Name:		DC01$ 	Account Domain:		CORP.LOCAL 	Logon ID:		0xB1413 	Linked Logon ID:		0x0 	Network Account Name:	- 	Network Account Domain:	- 	Logon GUID:		{02b365af-4172-e6ce-a574-b64b918b05a0}  Process Information: 	Process ID:		0x0 	Process Name:		-  Network Information: 	Workstation Name:	- 	Source Network Address:	fe80::82:b01f:cc61:77d 	Source Port:		53609  Detailed Authentication Information: 	Logon Process:		Kerberos 	Authentication Package:	Kerberos 	Transited Services:	- 	Package Name (NTLM only):	- 	Key Length:		0  This event is generated when a logon session is created. It is generated on the computer that was accessed.  The subject fields indicate the account on the local system which requested the logon. This is most commonly a service such as the Server service, or a local process such as Winlogon.exe or Services.exe.  The logon type field indicates the kind of logon that occurred. The most common types are 2 (interactive) and 3 (network).  The New Logon fields indicate the account for whom the new logon was created, i.e. the account that was logged on.  The network fields indicate where a remote logon request originated. Workstation name is not always available and may be left blank in some cases.  The impersonation level field indicates the extent to which a process in the logon session can impersonate.  The authentication information fields provide detailed information about this specific logon request. 	- Logon GUID is a unique identifier that can be used to correlate this event with a KDC event. 	- Transited services indicate which intermediate services have participated in this logon request. 	- Package name indicates which sub-protocol was used among the NTLM protocols. 	- Key length indicates the length of the generated session key. This will be 0 if no session key was requested."
"5/15/2026 12:16:07 PM","4624","An account was successfully logged on.  Subject: 	Security ID:		S-1-0-0 	Account Name:		- 	Account Domain:		- 	Logon ID:		0x0  Logon Information: 	Logon Type:		3 	Restricted Admin Mode:	- 	Virtual Account:		No 	Elevated Token:		Yes  Impersonation Level:		Impersonation  New Logon: 	Security ID:		S-1-5-18 	Account Name:		DC01$ 	Account Domain:		CORP.LOCAL 	Logon ID:		0xB117E 	Linked Logon ID:		0x0 	Network Account Name:	- 	Network Account Domain:	- 	Logon GUID:		{02b365af-4172-e6ce-a574-b64b918b05a0}  Process Information: 	Process ID:		0x0 	Process Name:		-  Network Information: 	Workstation Name:	- 	Source Network Address:	192.168.100.10 	Source Port:		53608  Detailed Authentication Information: 	Logon Process:		Kerberos 	Authentication Package:	Kerberos 	Transited Services:	- 	Package Name (NTLM only):	- 	Key Length:		0  This event is generated when a logon session is created. It is generated on the computer that was accessed.  The subject fields indicate the account on the local system which requested the logon. This is most commonly a service such as the Server service, or a local process such as Winlogon.exe or Services.exe.  The logon type field indicates the kind of logon that occurred. The most common types are 2 (interactive) and 3 (network).  The New Logon fields indicate the account for whom the new logon was created, i.e. the account that was logged on.  The network fields indicate where a remote logon request originated. Workstation name is not always available and may be left blank in some cases.  The impersonation level field indicates the extent to which a process in the logon session can impersonate.  The authentication information fields provide detailed information about this specific logon request. 	- Logon GUID is a unique identifier that can be used to correlate this event with a KDC event. 	- Transited services indicate which intermediate services have participated in this logon request. 	- Package name indicates which sub-protocol was used among the NTLM protocols. 	- Key length indicates the length of the generated session key. This will be 0 if no session key was requested."
"5/15/2026 12:16:07 PM","4624","An account was successfully logged on.  Subject: 	Security ID:		S-1-0-0 	Account Name:		- 	Account Domain:		- 	Logon ID:		0x0  Logon Information: 	Logon Type:		3 	Restricted Admin Mode:	- 	Virtual Account:		No 	Elevated Token:		Yes  Impersonation Level:		Impersonation  New Logon: 	Security ID:		S-1-5-18 	Account Name:		DC01$ 	Account Domain:		CORP.LOCAL 	Logon ID:		0xB10DB 	Linked Logon ID:		0x0 	Network Account Name:	- 	Network Account Domain:	- 	Logon GUID:		{c4394b5c-3359-e878-a141-42731cb27540}  Process Information: 	Process ID:		0x0 	Process Name:		-  Network Information: 	Workstation Name:	- 	Source Network Address:	::1 	Source Port:		0  Detailed Authentication Information: 	Logon Process:		Kerberos 	Authentication Package:	Kerberos 	Transited Services:	- 	Package Name (NTLM only):	- 	Key Length:		0  This event is generated when a logon session is created. It is generated on the computer that was accessed.  The subject fields indicate the account on the local system which requested the logon. This is most commonly a service such as the Server service, or a local process such as Winlogon.exe or Services.exe.  The logon type field indicates the kind of logon that occurred. The most common types are 2 (interactive) and 3 (network).  The New Logon fields indicate the account for whom the new logon was created, i.e. the account that was logged on.  The network fields indicate where a remote logon request originated. Workstation name is not always available and may be left blank in some cases.  The impersonation level field indicates the extent to which a process in the logon session can impersonate.  The authentication information fields provide detailed information about this specific logon request. 	- Logon GUID is a unique identifier that can be used to correlate this event with a KDC event. 	- Transited services indicate which intermediate services have participated in this logon request. 	- Package name indicates which sub-protocol was used among the NTLM protocols. 	- Key length indicates the length of the generated session key. This will be 0 if no session key was requested."
"5/15/2026 12:16:07 PM","4624","An account was successfully logged on.  Subject: 	Security ID:		S-1-0-0 	Account Name:		- 	Account Domain:		- 	Logon ID:		0x0  Logon Information: 	Logon Type:		3 	Restricted Admin Mode:	- 	Virtual Account:		No 	Elevated Token:		Yes  Impersonation Level:		Impersonation  New Logon: 	Security ID:		S-1-5-18 	Account Name:		DC01$ 	Account Domain:		CORP.LOCAL 	Logon ID:		0xB04B5 	Linked Logon ID:		0x0 	Network Account Name:	- 	Network Account Domain:	- 	Logon GUID:		{02b365af-4172-e6ce-a574-b64b918b05a0}  Process Information: 	Process ID:		0x0 	Process Name:		-  Network Information: 	Workstation Name:	- 	Source Network Address:	fe80::82:b01f:cc61:77d 	Source Port:		53607  Detailed Authentication Information: 	Logon Process:		Kerberos 	Authentication Package:	Kerberos 	Transited Services:	- 	Package Name (NTLM only):	- 	Key Length:		0  This event is generated when a logon session is created. It is generated on the computer that was accessed.  The subject fields indicate the account on the local system which requested the logon. This is most commonly a service such as the Server service, or a local process such as Winlogon.exe or Services.exe.  The logon type field indicates the kind of logon that occurred. The most common types are 2 (interactive) and 3 (network).  The New Logon fields indicate the account for whom the new logon was created, i.e. the account that was logged on.  The network fields indicate where a remote logon request originated. Workstation name is not always available and may be left blank in some cases.  The impersonation level field indicates the extent to which a process in the logon session can impersonate.  The authentication information fields provide detailed information about this specific logon request. 	- Logon GUID is a unique identifier that can be used to correlate this event with a KDC event. 	- Transited services indicate which intermediate services have participated in this logon request. 	- Package name indicates which sub-protocol was used among the NTLM protocols. 	- Key length indicates the length of the generated session key. This will be 0 if no session key was requested."
"5/15/2026 12:16:07 PM","4624","An account was successfully logged on.  Subject: 	Security ID:		S-1-0-0 	Account Name:		- 	Account Domain:		- 	Logon ID:		0x0  Logon Information: 	Logon Type:		3 	Restricted Admin Mode:	- 	Virtual Account:		No 	Elevated Token:		Yes  Impersonation Level:		Impersonation  New Logon: 	Security ID:		S-1-5-18 	Account Name:		DC01$ 	Account Domain:		CORP.LOCAL 	Logon ID:		0xAFCE4 	Linked Logon ID:		0x0 	Network Account Name:	- 	Network Account Domain:	- 	Logon GUID:		{035a7bff-2359-0075-1442-8a2d2c1abf36}  Process Information: 	Process ID:		0x0 	Process Name:		-  Network Information: 	Workstation Name:	- 	Source Network Address:	::1 	Source Port:		53605  Detailed Authentication Information: 	Logon Process:		Kerberos 	Authentication Package:	Kerberos 	Transited Services:	- 	Package Name (NTLM only):	- 	Key Length:		0  This event is generated when a logon session is created. It is generated on the computer that was accessed.  The subject fields indicate the account on the local system which requested the logon. This is most commonly a service such as the Server service, or a local process such as Winlogon.exe or Services.exe.  The logon type field indicates the kind of logon that occurred. The most common types are 2 (interactive) and 3 (network).  The New Logon fields indicate the account for whom the new logon was created, i.e. the account that was logged on.  The network fields indicate where a remote logon request originated. Workstation name is not always available and may be left blank in some cases.  The impersonation level field indicates the extent to which a process in the logon session can impersonate.  The authentication information fields provide detailed information about this specific logon request. 	- Logon GUID is a unique identifier that can be used to correlate this event with a KDC event. 	- Transited services indicate which intermediate services have participated in this logon request. 	- Package name indicates which sub-protocol was used among the NTLM protocols. 	- Key length indicates the length of the generated session key. This will be 0 if no session key was requested."
"5/15/2026 12:05:02 PM","4624","An account was successfully logged on.  Subject: 	Security ID:		S-1-0-0 	Account Name:		- 	Account Domain:		- 	Logon ID:		0x0  Logon Information: 	Logon Type:		3 	Restricted Admin Mode:	- 	Virtual Account:		No 	Elevated Token:		Yes  Impersonation Level:		Impersonation  New Logon: 	Security ID:		S-1-5-18 	Account Name:		DC01$ 	Account Domain:		CORP.LOCAL 	Logon ID:		0xAD3A1 	Linked Logon ID:		0x0 	Network Account Name:	- 	Network Account Domain:	- 	Logon GUID:		{035a7bff-2359-0075-1442-8a2d2c1abf36}  Process Information: 	Process ID:		0x0 	Process Name:		-  Network Information: 	Workstation Name:	- 	Source Network Address:	::1 	Source Port:		53600  Detailed Authentication Information: 	Logon Process:		Kerberos 	Authentication Package:	Kerberos 	Transited Services:	- 	Package Name (NTLM only):	- 	Key Length:		0  This event is generated when a logon session is created. It is generated on the computer that was accessed.  The subject fields indicate the account on the local system which requested the logon. This is most commonly a service such as the Server service, or a local process such as Winlogon.exe or Services.exe.  The logon type field indicates the kind of logon that occurred. The most common types are 2 (interactive) and 3 (network).  The New Logon fields indicate the account for whom the new logon was created, i.e. the account that was logged on.  The network fields indicate where a remote logon request originated. Workstation name is not always available and may be left blank in some cases.  The impersonation level field indicates the extent to which a process in the logon session can impersonate.  The authentication information fields provide detailed information about this specific logon request. 	- Logon GUID is a unique identifier that can be used to correlate this event with a KDC event. 	- Transited services indicate which intermediate services have participated in this logon request. 	- Package name indicates which sub-protocol was used among the NTLM protocols. 	- Key length indicates the length of the generated session key. This will be 0 if no session key was requested."
