"5/15/2026 11:54:55 AM","4624","An account was successfully logged on.  Subject: 	Security ID:		S-1-0-0 	Account Name:		- 	Account Domain:		- 	Logon ID:		0x0  Logon Information: 	Logon Type:		3 	Restricted Admin Mode:	- 	Virtual Account:		No 	Elevated Token:		Yes  Impersonation Level:		Delegation  New Logon: 	Security ID:		S-1-5-18 	Account Name:		DC01$ 	Account Domain:		CORP.LOCAL 	Logon ID:		0x681EC 	Linked Logon ID:		0x0 	Network Account Name:	- 	Network Account Domain:	- 	Logon GUID:		{02b365af-4172-e6ce-a574-b64b918b05a0}  Process Information: 	Process ID:		0x0 	Process Name:		-  Network Information: 	Workstation Name:	- 	Source Network Address:	- 	Source Port:		-  Detailed Authentication Information: 	Logon Process:		Kerberos 	Authentication Package:	Kerberos 	Transited Services:	- 	Package Name (NTLM only):	- 	Key Length:		0  This event is generated when a logon session is created. It is generated on the computer that was accessed.  The subject fields indicate the account on the local system which requested the logon. This is most commonly a service such as the Server service, or a local process such as Winlogon.exe or Services.exe.  The logon type field indicates the kind of logon that occurred. The most common types are 2 (interactive) and 3 (network).  The New Logon fields indicate the account for whom the new logon was created, i.e. the account that was logged on.  The network fields indicate where a remote logon request originated. Workstation name is not always available and may be left blank in some cases.  The impersonation level field indicates the extent to which a process in the logon session can impersonate.  The authentication information fields provide detailed information about this specific logon request. 	- Logon GUID is a unique identifier that can be used to correlate this event with a KDC event. 	- Transited services indicate which intermediate services have participated in this logon request. 	- Package name indicates which sub-protocol was used among the NTLM protocols. 	- Key length indicates the length of the generated session key. This will be 0 if no session key was requested."
"5/15/2026 11:54:55 AM","4624","An account was successfully logged on.  Subject: 	Security ID:		S-1-0-0 	Account Name:		- 	Account Domain:		- 	Logon ID:		0x0  Logon Information: 	Logon Type:		3 	Restricted Admin Mode:	- 	Virtual Account:		No 	Elevated Token:		Yes  Impersonation Level:		Delegation  New Logon: 	Security ID:		S-1-5-18 	Account Name:		DC01$ 	Account Domain:		CORP.LOCAL 	Logon ID:		0x681AC 	Linked Logon ID:		0x0 	Network Account Name:	- 	Network Account Domain:	- 	Logon GUID:		{02b365af-4172-e6ce-a574-b64b918b05a0}  Process Information: 	Process ID:		0x0 	Process Name:		-  Network Information: 	Workstation Name:	- 	Source Network Address:	- 	Source Port:		-  Detailed Authentication Information: 	Logon Process:		Kerberos 	Authentication Package:	Kerberos 	Transited Services:	- 	Package Name (NTLM only):	- 	Key Length:		0  This event is generated when a logon session is created. It is generated on the computer that was accessed.  The subject fields indicate the account on the local system which requested the logon. This is most commonly a service such as the Server service, or a local process such as Winlogon.exe or Services.exe.  The logon type field indicates the kind of logon that occurred. The most common types are 2 (interactive) and 3 (network).  The New Logon fields indicate the account for whom the new logon was created, i.e. the account that was logged on.  The network fields indicate where a remote logon request originated. Workstation name is not always available and may be left blank in some cases.  The impersonation level field indicates the extent to which a process in the logon session can impersonate.  The authentication information fields provide detailed information about this specific logon request. 	- Logon GUID is a unique identifier that can be used to correlate this event with a KDC event. 	- Transited services indicate which intermediate services have participated in this logon request. 	- Package name indicates which sub-protocol was used among the NTLM protocols. 	- Key length indicates the length of the generated session key. This will be 0 if no session key was requested."
"5/15/2026 11:54:55 AM","4624","An account was successfully logged on.  Subject: 	Security ID:		S-1-0-0 	Account Name:		- 	Account Domain:		- 	Logon ID:		0x0  Logon Information: 	Logon Type:		3 	Restricted Admin Mode:	- 	Virtual Account:		No 	Elevated Token:		Yes  Impersonation Level:		Delegation  New Logon: 	Security ID:		S-1-5-18 	Account Name:		DC01$ 	Account Domain:		CORP.LOCAL 	Logon ID:		0x68183 	Linked Logon ID:		0x0 	Network Account Name:	- 	Network Account Domain:	- 	Logon GUID:		{02b365af-4172-e6ce-a574-b64b918b05a0}  Process Information: 	Process ID:		0x0 	Process Name:		-  Network Information: 	Workstation Name:	- 	Source Network Address:	- 	Source Port:		-  Detailed Authentication Information: 	Logon Process:		Kerberos 	Authentication Package:	Kerberos 	Transited Services:	- 	Package Name (NTLM only):	- 	Key Length:		0  This event is generated when a logon session is created. It is generated on the computer that was accessed.  The subject fields indicate the account on the local system which requested the logon. This is most commonly a service such as the Server service, or a local process such as Winlogon.exe or Services.exe.  The logon type field indicates the kind of logon that occurred. The most common types are 2 (interactive) and 3 (network).  The New Logon fields indicate the account for whom the new logon was created, i.e. the account that was logged on.  The network fields indicate where a remote logon request originated. Workstation name is not always available and may be left blank in some cases.  The impersonation level field indicates the extent to which a process in the logon session can impersonate.  The authentication information fields provide detailed information about this specific logon request. 	- Logon GUID is a unique identifier that can be used to correlate this event with a KDC event. 	- Transited services indicate which intermediate services have participated in this logon request. 	- Package name indicates which sub-protocol was used among the NTLM protocols. 	- Key length indicates the length of the generated session key. This will be 0 if no session key was requested."
"5/15/2026 11:54:55 AM","4624","An account was successfully logged on.  Subject: 	Security ID:		S-1-0-0 	Account Name:		- 	Account Domain:		- 	Logon ID:		0x0  Logon Information: 	Logon Type:		3 	Restricted Admin Mode:	- 	Virtual Account:		No 	Elevated Token:		Yes  Impersonation Level:		Delegation  New Logon: 	Security ID:		S-1-5-18 	Account Name:		DC01$ 	Account Domain:		CORP.LOCAL 	Logon ID:		0x6812F 	Linked Logon ID:		0x0 	Network Account Name:	- 	Network Account Domain:	- 	Logon GUID:		{02b365af-4172-e6ce-a574-b64b918b05a0}  Process Information: 	Process ID:		0x0 	Process Name:		-  Network Information: 	Workstation Name:	- 	Source Network Address:	- 	Source Port:		-  Detailed Authentication Information: 	Logon Process:		Kerberos 	Authentication Package:	Kerberos 	Transited Services:	- 	Package Name (NTLM only):	- 	Key Length:		0  This event is generated when a logon session is created. It is generated on the computer that was accessed.  The subject fields indicate the account on the local system which requested the logon. This is most commonly a service such as the Server service, or a local process such as Winlogon.exe or Services.exe.  The logon type field indicates the kind of logon that occurred. The most common types are 2 (interactive) and 3 (network).  The New Logon fields indicate the account for whom the new logon was created, i.e. the account that was logged on.  The network fields indicate where a remote logon request originated. Workstation name is not always available and may be left blank in some cases.  The impersonation level field indicates the extent to which a process in the logon session can impersonate.  The authentication information fields provide detailed information about this specific logon request. 	- Logon GUID is a unique identifier that can be used to correlate this event with a KDC event. 	- Transited services indicate which intermediate services have participated in this logon request. 	- Package name indicates which sub-protocol was used among the NTLM protocols. 	- Key length indicates the length of the generated session key. This will be 0 if no session key was requested."
"5/15/2026 11:54:55 AM","4624","An account was successfully logged on.  Subject: 	Security ID:		S-1-0-0 	Account Name:		- 	Account Domain:		- 	Logon ID:		0x0  Logon Information: 	Logon Type:		3 	Restricted Admin Mode:	- 	Virtual Account:		No 	Elevated Token:		Yes  Impersonation Level:		Delegation  New Logon: 	Security ID:		S-1-5-18 	Account Name:		DC01$ 	Account Domain:		CORP.LOCAL 	Logon ID:		0x68104 	Linked Logon ID:		0x0 	Network Account Name:	- 	Network Account Domain:	- 	Logon GUID:		{02b365af-4172-e6ce-a574-b64b918b05a0}  Process Information: 	Process ID:		0x0 	Process Name:		-  Network Information: 	Workstation Name:	- 	Source Network Address:	- 	Source Port:		-  Detailed Authentication Information: 	Logon Process:		Kerberos 	Authentication Package:	Kerberos 	Transited Services:	- 	Package Name (NTLM only):	- 	Key Length:		0  This event is generated when a logon session is created. It is generated on the computer that was accessed.  The subject fields indicate the account on the local system which requested the logon. This is most commonly a service such as the Server service, or a local process such as Winlogon.exe or Services.exe.  The logon type field indicates the kind of logon that occurred. The most common types are 2 (interactive) and 3 (network).  The New Logon fields indicate the account for whom the new logon was created, i.e. the account that was logged on.  The network fields indicate where a remote logon request originated. Workstation name is not always available and may be left blank in some cases.  The impersonation level field indicates the extent to which a process in the logon session can impersonate.  The authentication information fields provide detailed information about this specific logon request. 	- Logon GUID is a unique identifier that can be used to correlate this event with a KDC event. 	- Transited services indicate which intermediate services have participated in this logon request. 	- Package name indicates which sub-protocol was used among the NTLM protocols. 	- Key length indicates the length of the generated session key. This will be 0 if no session key was requested."
"5/15/2026 11:54:55 AM","4624","An account was successfully logged on.  Subject: 	Security ID:		S-1-0-0 	Account Name:		- 	Account Domain:		- 	Logon ID:		0x0  Logon Information: 	Logon Type:		3 	Restricted Admin Mode:	- 	Virtual Account:		No 	Elevated Token:		Yes  Impersonation Level:		Delegation  New Logon: 	Security ID:		S-1-5-18 	Account Name:		DC01$ 	Account Domain:		CORP.LOCAL 	Logon ID:		0x680C7 	Linked Logon ID:		0x0 	Network Account Name:	- 	Network Account Domain:	- 	Logon GUID:		{02b365af-4172-e6ce-a574-b64b918b05a0}  Process Information: 	Process ID:		0x0 	Process Name:		-  Network Information: 	Workstation Name:	- 	Source Network Address:	- 	Source Port:		-  Detailed Authentication Information: 	Logon Process:		Kerberos 	Authentication Package:	Kerberos 	Transited Services:	- 	Package Name (NTLM only):	- 	Key Length:		0  This event is generated when a logon session is created. It is generated on the computer that was accessed.  The subject fields indicate the account on the local system which requested the logon. This is most commonly a service such as the Server service, or a local process such as Winlogon.exe or Services.exe.  The logon type field indicates the kind of logon that occurred. The most common types are 2 (interactive) and 3 (network).  The New Logon fields indicate the account for whom the new logon was created, i.e. the account that was logged on.  The network fields indicate where a remote logon request originated. Workstation name is not always available and may be left blank in some cases.  The impersonation level field indicates the extent to which a process in the logon session can impersonate.  The authentication information fields provide detailed information about this specific logon request. 	- Logon GUID is a unique identifier that can be used to correlate this event with a KDC event. 	- Transited services indicate which intermediate services have participated in this logon request. 	- Package name indicates which sub-protocol was used among the NTLM protocols. 	- Key length indicates the length of the generated session key. This will be 0 if no session key was requested."
"5/15/2026 11:54:55 AM","4624","An account was successfully logged on.  Subject: 	Security ID:		S-1-0-0 	Account Name:		- 	Account Domain:		- 	Logon ID:		0x0  Logon Information: 	Logon Type:		3 	Restricted Admin Mode:	- 	Virtual Account:		No 	Elevated Token:		Yes  Impersonation Level:		Delegation  New Logon: 	Security ID:		S-1-5-18 	Account Name:		DC01$ 	Account Domain:		CORP.LOCAL 	Logon ID:		0x6802F 	Linked Logon ID:		0x0 	Network Account Name:	- 	Network Account Domain:	- 	Logon GUID:		{02b365af-4172-e6ce-a574-b64b918b05a0}  Process Information: 	Process ID:		0x0 	Process Name:		-  Network Information: 	Workstation Name:	- 	Source Network Address:	- 	Source Port:		-  Detailed Authentication Information: 	Logon Process:		Kerberos 	Authentication Package:	Kerberos 	Transited Services:	- 	Package Name (NTLM only):	- 	Key Length:		0  This event is generated when a logon session is created. It is generated on the computer that was accessed.  The subject fields indicate the account on the local system which requested the logon. This is most commonly a service such as the Server service, or a local process such as Winlogon.exe or Services.exe.  The logon type field indicates the kind of logon that occurred. The most common types are 2 (interactive) and 3 (network).  The New Logon fields indicate the account for whom the new logon was created, i.e. the account that was logged on.  The network fields indicate where a remote logon request originated. Workstation name is not always available and may be left blank in some cases.  The impersonation level field indicates the extent to which a process in the logon session can impersonate.  The authentication information fields provide detailed information about this specific logon request. 	- Logon GUID is a unique identifier that can be used to correlate this event with a KDC event. 	- Transited services indicate which intermediate services have participated in this logon request. 	- Package name indicates which sub-protocol was used among the NTLM protocols. 	- Key length indicates the length of the generated session key. This will be 0 if no session key was requested."
"5/15/2026 11:54:55 AM","4624","An account was successfully logged on.  Subject: 	Security ID:		S-1-0-0 	Account Name:		- 	Account Domain:		- 	Logon ID:		0x0  Logon Information: 	Logon Type:		3 	Restricted Admin Mode:	- 	Virtual Account:		No 	Elevated Token:		Yes  Impersonation Level:		Delegation  New Logon: 	Security ID:		S-1-5-18 	Account Name:		DC01$ 	Account Domain:		CORP.LOCAL 	Logon ID:		0x67DC2 	Linked Logon ID:		0x0 	Network Account Name:	- 	Network Account Domain:	- 	Logon GUID:		{02b365af-4172-e6ce-a574-b64b918b05a0}  Process Information: 	Process ID:		0x0 	Process Name:		-  Network Information: 	Workstation Name:	- 	Source Network Address:	- 	Source Port:		-  Detailed Authentication Information: 	Logon Process:		Kerberos 	Authentication Package:	Kerberos 	Transited Services:	- 	Package Name (NTLM only):	- 	Key Length:		0  This event is generated when a logon session is created. It is generated on the computer that was accessed.  The subject fields indicate the account on the local system which requested the logon. This is most commonly a service such as the Server service, or a local process such as Winlogon.exe or Services.exe.  The logon type field indicates the kind of logon that occurred. The most common types are 2 (interactive) and 3 (network).  The New Logon fields indicate the account for whom the new logon was created, i.e. the account that was logged on.  The network fields indicate where a remote logon request originated. Workstation name is not always available and may be left blank in some cases.  The impersonation level field indicates the extent to which a process in the logon session can impersonate.  The authentication information fields provide detailed information about this specific logon request. 	- Logon GUID is a unique identifier that can be used to correlate this event with a KDC event. 	- Transited services indicate which intermediate services have participated in this logon request. 	- Package name indicates which sub-protocol was used among the NTLM protocols. 	- Key length indicates the length of the generated session key. This will be 0 if no session key was requested."
"5/15/2026 11:54:54 AM","4624","An account was successfully logged on.  Subject: 	Security ID:		S-1-0-0 	Account Name:		- 	Account Domain:		- 	Logon ID:		0x0  Logon Information: 	Logon Type:		3 	Restricted Admin Mode:	- 	Virtual Account:		No 	Elevated Token:		Yes  Impersonation Level:		Delegation  New Logon: 	Security ID:		S-1-5-18 	Account Name:		DC01$ 	Account Domain:		CORP.LOCAL 	Logon ID:		0x67AF2 	Linked Logon ID:		0x0 	Network Account Name:	- 	Network Account Domain:	- 	Logon GUID:		{02b365af-4172-e6ce-a574-b64b918b05a0}  Process Information: 	Process ID:		0x0 	Process Name:		-  Network Information: 	Workstation Name:	- 	Source Network Address:	- 	Source Port:		-  Detailed Authentication Information: 	Logon Process:		Kerberos 	Authentication Package:	Kerberos 	Transited Services:	- 	Package Name (NTLM only):	- 	Key Length:		0  This event is generated when a logon session is created. It is generated on the computer that was accessed.  The subject fields indicate the account on the local system which requested the logon. This is most commonly a service such as the Server service, or a local process such as Winlogon.exe or Services.exe.  The logon type field indicates the kind of logon that occurred. The most common types are 2 (interactive) and 3 (network).  The New Logon fields indicate the account for whom the new logon was created, i.e. the account that was logged on.  The network fields indicate where a remote logon request originated. Workstation name is not always available and may be left blank in some cases.  The impersonation level field indicates the extent to which a process in the logon session can impersonate.  The authentication information fields provide detailed information about this specific logon request. 	- Logon GUID is a unique identifier that can be used to correlate this event with a KDC event. 	- Transited services indicate which intermediate services have participated in this logon request. 	- Package name indicates which sub-protocol was used among the NTLM protocols. 	- Key length indicates the length of the generated session key. This will be 0 if no session key was requested."
"5/15/2026 11:54:54 AM","4624","An account was successfully logged on.  Subject: 	Security ID:		S-1-0-0 	Account Name:		- 	Account Domain:		- 	Logon ID:		0x0  Logon Information: 	Logon Type:		3 	Restricted Admin Mode:	- 	Virtual Account:		No 	Elevated Token:		Yes  Impersonation Level:		Delegation  New Logon: 	Security ID:		S-1-5-18 	Account Name:		DC01$ 	Account Domain:		CORP.LOCAL 	Logon ID:		0x6747E 	Linked Logon ID:		0x0 	Network Account Name:	- 	Network Account Domain:	- 	Logon GUID:		{02b365af-4172-e6ce-a574-b64b918b05a0}  Process Information: 	Process ID:		0x0 	Process Name:		-  Network Information: 	Workstation Name:	- 	Source Network Address:	- 	Source Port:		-  Detailed Authentication Information: 	Logon Process:		Kerberos 	Authentication Package:	Kerberos 	Transited Services:	- 	Package Name (NTLM only):	- 	Key Length:		0  This event is generated when a logon session is created. It is generated on the computer that was accessed.  The subject fields indicate the account on the local system which requested the logon. This is most commonly a service such as the Server service, or a local process such as Winlogon.exe or Services.exe.  The logon type field indicates the kind of logon that occurred. The most common types are 2 (interactive) and 3 (network).  The New Logon fields indicate the account for whom the new logon was created, i.e. the account that was logged on.  The network fields indicate where a remote logon request originated. Workstation name is not always available and may be left blank in some cases.  The impersonation level field indicates the extent to which a process in the logon session can impersonate.  The authentication information fields provide detailed information about this specific logon request. 	- Logon GUID is a unique identifier that can be used to correlate this event with a KDC event. 	- Transited services indicate which intermediate services have participated in this logon request. 	- Package name indicates which sub-protocol was used among the NTLM protocols. 	- Key length indicates the length of the generated session key. This will be 0 if no session key was requested."
"5/15/2026 11:54:47 AM","4624","An account was successfully logged on.  Subject: 	Security ID:		S-1-0-0 	Account Name:		- 	Account Domain:		- 	Logon ID:		0x0  Logon Information: 	Logon Type:		3 	Restricted Admin Mode:	- 	Virtual Account:		No 	Elevated Token:		Yes  Impersonation Level:		Delegation  New Logon: 	Security ID:		S-1-5-21-REDACTED-REDACTED-REDACTED-1000 	Account Name:		DC01$ 	Account Domain:		CORP.LOCAL 	Logon ID:		0x587CE 	Linked Logon ID:		0x0 	Network Account Name:	- 	Network Account Domain:	- 	Logon GUID:		{2353c62e-f00c-8444-aae4-e6d8c8b370b6}  Process Information: 	Process ID:		0x0 	Process Name:		-  Network Information: 	Workstation Name:	- 	Source Network Address:	- 	Source Port:		-  Detailed Authentication Information: 	Logon Process:		Kerberos 	Authentication Package:	Kerberos 	Transited Services:	- 	Package Name (NTLM only):	- 	Key Length:		0  This event is generated when a logon session is created. It is generated on the computer that was accessed.  The subject fields indicate the account on the local system which requested the logon. This is most commonly a service such as the Server service, or a local process such as Winlogon.exe or Services.exe.  The logon type field indicates the kind of logon that occurred. The most common types are 2 (interactive) and 3 (network).  The New Logon fields indicate the account for whom the new logon was created, i.e. the account that was logged on.  The network fields indicate where a remote logon request originated. Workstation name is not always available and may be left blank in some cases.  The impersonation level field indicates the extent to which a process in the logon session can impersonate.  The authentication information fields provide detailed information about this specific logon request. 	- Logon GUID is a unique identifier that can be used to correlate this event with a KDC event. 	- Transited services indicate which intermediate services have participated in this logon request. 	- Package name indicates which sub-protocol was used among the NTLM protocols. 	- Key length indicates the length of the generated session key. This will be 0 if no session key was requested."
"5/15/2026 11:54:44 AM","4624","An account was successfully logged on.  Subject: 	Security ID:		S-1-0-0 	Account Name:		- 	Account Domain:		- 	Logon ID:		0x0  Logon Information: 	Logon Type:		3 	Restricted Admin Mode:	- 	Virtual Account:		No 	Elevated Token:		Yes  Impersonation Level:		Impersonation  New Logon: 	Security ID:		S-1-5-18 	Account Name:		DC01$ 	Account Domain:		CORP.LOCAL 	Logon ID:		0x52E0E 	Linked Logon ID:		0x0 	Network Account Name:	- 	Network Account Domain:	- 	Logon GUID:		{d30a90fd-fc32-0090-e544-55ffd7346d00}  Process Information: 	Process ID:		0x0 	Process Name:		-  Network Information: 	Workstation Name:	- 	Source Network Address:	- 	Source Port:		-  Detailed Authentication Information: 	Logon Process:		Kerberos 	Authentication Package:	Kerberos 	Transited Services:	- 	Package Name (NTLM only):	- 	Key Length:		0  This event is generated when a logon session is created. It is generated on the computer that was accessed.  The subject fields indicate the account on the local system which requested the logon. This is most commonly a service such as the Server service, or a local process such as Winlogon.exe or Services.exe.  The logon type field indicates the kind of logon that occurred. The most common types are 2 (interactive) and 3 (network).  The New Logon fields indicate the account for whom the new logon was created, i.e. the account that was logged on.  The network fields indicate where a remote logon request originated. Workstation name is not always available and may be left blank in some cases.  The impersonation level field indicates the extent to which a process in the logon session can impersonate.  The authentication information fields provide detailed information about this specific logon request. 	- Logon GUID is a unique identifier that can be used to correlate this event with a KDC event. 	- Transited services indicate which intermediate services have participated in this logon request. 	- Package name indicates which sub-protocol was used among the NTLM protocols. 	- Key length indicates the length of the generated session key. This will be 0 if no session key was requested."
"5/15/2026 11:54:44 AM","4624","An account was successfully logged on.  Subject: 	Security ID:		S-1-0-0 	Account Name:		- 	Account Domain:		- 	Logon ID:		0x0  Logon Information: 	Logon Type:		3 	Restricted Admin Mode:	- 	Virtual Account:		No 	Elevated Token:		Yes  Impersonation Level:		Impersonation  New Logon: 	Security ID:		S-1-5-18 	Account Name:		DC01$ 	Account Domain:		CORP.LOCAL 	Logon ID:		0x52DB0 	Linked Logon ID:		0x0 	Network Account Name:	- 	Network Account Domain:	- 	Logon GUID:		{02b365af-4172-e6ce-a574-b64b918b05a0}  Process Information: 	Process ID:		0x0 	Process Name:		-  Network Information: 	Workstation Name:	- 	Source Network Address:	192.168.100.10 	Source Port:		49723  Detailed Authentication Information: 	Logon Process:		Kerberos 	Authentication Package:	Kerberos 	Transited Services:	- 	Package Name (NTLM only):	- 	Key Length:		0  This event is generated when a logon session is created. It is generated on the computer that was accessed.  The subject fields indicate the account on the local system which requested the logon. This is most commonly a service such as the Server service, or a local process such as Winlogon.exe or Services.exe.  The logon type field indicates the kind of logon that occurred. The most common types are 2 (interactive) and 3 (network).  The New Logon fields indicate the account for whom the new logon was created, i.e. the account that was logged on.  The network fields indicate where a remote logon request originated. Workstation name is not always available and may be left blank in some cases.  The impersonation level field indicates the extent to which a process in the logon session can impersonate.  The authentication information fields provide detailed information about this specific logon request. 	- Logon GUID is a unique identifier that can be used to correlate this event with a KDC event. 	- Transited services indicate which intermediate services have participated in this logon request. 	- Package name indicates which sub-protocol was used among the NTLM protocols. 	- Key length indicates the length of the generated session key. This will be 0 if no session key was requested."
"5/15/2026 11:54:44 AM","4624","An account was successfully logged on.  Subject: 	Security ID:		S-1-0-0 	Account Name:		- 	Account Domain:		- 	Logon ID:		0x0  Logon Information: 	Logon Type:		3 	Restricted Admin Mode:	- 	Virtual Account:		No 	Elevated Token:		Yes  Impersonation Level:		Impersonation  New Logon: 	Security ID:		S-1-5-18 	Account Name:		DC01$ 	Account Domain:		CORP.LOCAL 	Logon ID:		0x52C7F 	Linked Logon ID:		0x0 	Network Account Name:	- 	Network Account Domain:	- 	Logon GUID:		{d30a90fd-fc32-0090-e544-55ffd7346d00}  Process Information: 	Process ID:		0x0 	Process Name:		-  Network Information: 	Workstation Name:	- 	Source Network Address:	- 	Source Port:		-  Detailed Authentication Information: 	Logon Process:		Kerberos 	Authentication Package:	Kerberos 	Transited Services:	- 	Package Name (NTLM only):	- 	Key Length:		0  This event is generated when a logon session is created. It is generated on the computer that was accessed.  The subject fields indicate the account on the local system which requested the logon. This is most commonly a service such as the Server service, or a local process such as Winlogon.exe or Services.exe.  The logon type field indicates the kind of logon that occurred. The most common types are 2 (interactive) and 3 (network).  The New Logon fields indicate the account for whom the new logon was created, i.e. the account that was logged on.  The network fields indicate where a remote logon request originated. Workstation name is not always available and may be left blank in some cases.  The impersonation level field indicates the extent to which a process in the logon session can impersonate.  The authentication information fields provide detailed information about this specific logon request. 	- Logon GUID is a unique identifier that can be used to correlate this event with a KDC event. 	- Transited services indicate which intermediate services have participated in this logon request. 	- Package name indicates which sub-protocol was used among the NTLM protocols. 	- Key length indicates the length of the generated session key. This will be 0 if no session key was requested."
"5/15/2026 11:54:44 AM","4624","An account was successfully logged on.  Subject: 	Security ID:		S-1-0-0 	Account Name:		- 	Account Domain:		- 	Logon ID:		0x0  Logon Information: 	Logon Type:		3 	Restricted Admin Mode:	- 	Virtual Account:		No 	Elevated Token:		Yes  Impersonation Level:		Impersonation  New Logon: 	Security ID:		S-1-5-18 	Account Name:		DC01$ 	Account Domain:		CORP.LOCAL 	Logon ID:		0x52B74 	Linked Logon ID:		0x0 	Network Account Name:	- 	Network Account Domain:	- 	Logon GUID:		{02b365af-4172-e6ce-a574-b64b918b05a0}  Process Information: 	Process ID:		0x0 	Process Name:		-  Network Information: 	Workstation Name:	- 	Source Network Address:	192.168.100.10 	Source Port:		49719  Detailed Authentication Information: 	Logon Process:		Kerberos 	Authentication Package:	Kerberos 	Transited Services:	- 	Package Name (NTLM only):	- 	Key Length:		0  This event is generated when a logon session is created. It is generated on the computer that was accessed.  The subject fields indicate the account on the local system which requested the logon. This is most commonly a service such as the Server service, or a local process such as Winlogon.exe or Services.exe.  The logon type field indicates the kind of logon that occurred. The most common types are 2 (interactive) and 3 (network).  The New Logon fields indicate the account for whom the new logon was created, i.e. the account that was logged on.  The network fields indicate where a remote logon request originated. Workstation name is not always available and may be left blank in some cases.  The impersonation level field indicates the extent to which a process in the logon session can impersonate.  The authentication information fields provide detailed information about this specific logon request. 	- Logon GUID is a unique identifier that can be used to correlate this event with a KDC event. 	- Transited services indicate which intermediate services have participated in this logon request. 	- Package name indicates which sub-protocol was used among the NTLM protocols. 	- Key length indicates the length of the generated session key. This will be 0 if no session key was requested."
"5/15/2026 11:54:44 AM","4624","An account was successfully logged on.  Subject: 	Security ID:		S-1-0-0 	Account Name:		- 	Account Domain:		- 	Logon ID:		0x0  Logon Information: 	Logon Type:		3 	Restricted Admin Mode:	- 	Virtual Account:		No 	Elevated Token:		Yes  Impersonation Level:		Impersonation  New Logon: 	Security ID:		S-1-5-18 	Account Name:		DC01$ 	Account Domain:		CORP.LOCAL 	Logon ID:		0x52337 	Linked Logon ID:		0x0 	Network Account Name:	- 	Network Account Domain:	- 	Logon GUID:		{02b365af-4172-e6ce-a574-b64b918b05a0}  Process Information: 	Process ID:		0x0 	Process Name:		-  Network Information: 	Workstation Name:	- 	Source Network Address:	192.168.100.10 	Source Port:		49718  Detailed Authentication Information: 	Logon Process:		Kerberos 	Authentication Package:	Kerberos 	Transited Services:	- 	Package Name (NTLM only):	- 	Key Length:		0  This event is generated when a logon session is created. It is generated on the computer that was accessed.  The subject fields indicate the account on the local system which requested the logon. This is most commonly a service such as the Server service, or a local process such as Winlogon.exe or Services.exe.  The logon type field indicates the kind of logon that occurred. The most common types are 2 (interactive) and 3 (network).  The New Logon fields indicate the account for whom the new logon was created, i.e. the account that was logged on.  The network fields indicate where a remote logon request originated. Workstation name is not always available and may be left blank in some cases.  The impersonation level field indicates the extent to which a process in the logon session can impersonate.  The authentication information fields provide detailed information about this specific logon request. 	- Logon GUID is a unique identifier that can be used to correlate this event with a KDC event. 	- Transited services indicate which intermediate services have participated in this logon request. 	- Package name indicates which sub-protocol was used among the NTLM protocols. 	- Key length indicates the length of the generated session key. This will be 0 if no session key was requested."
"5/15/2026 11:54:44 AM","4624","An account was successfully logged on.  Subject: 	Security ID:		S-1-0-0 	Account Name:		- 	Account Domain:		- 	Logon ID:		0x0  Logon Information: 	Logon Type:		3 	Restricted Admin Mode:	- 	Virtual Account:		No 	Elevated Token:		Yes  Impersonation Level:		Impersonation  New Logon: 	Security ID:		S-1-5-18 	Account Name:		DC01$ 	Account Domain:		CORP.LOCAL 	Logon ID:		0x522CA 	Linked Logon ID:		0x0 	Network Account Name:	- 	Network Account Domain:	- 	Logon GUID:		{035a7bff-2359-0075-1442-8a2d2c1abf36}  Process Information: 	Process ID:		0x0 	Process Name:		-  Network Information: 	Workstation Name:	- 	Source Network Address:	::1 	Source Port:		49717  Detailed Authentication Information: 	Logon Process:		Kerberos 	Authentication Package:	Kerberos 	Transited Services:	- 	Package Name (NTLM only):	- 	Key Length:		0  This event is generated when a logon session is created. It is generated on the computer that was accessed.  The subject fields indicate the account on the local system which requested the logon. This is most commonly a service such as the Server service, or a local process such as Winlogon.exe or Services.exe.  The logon type field indicates the kind of logon that occurred. The most common types are 2 (interactive) and 3 (network).  The New Logon fields indicate the account for whom the new logon was created, i.e. the account that was logged on.  The network fields indicate where a remote logon request originated. Workstation name is not always available and may be left blank in some cases.  The impersonation level field indicates the extent to which a process in the logon session can impersonate.  The authentication information fields provide detailed information about this specific logon request. 	- Logon GUID is a unique identifier that can be used to correlate this event with a KDC event. 	- Transited services indicate which intermediate services have participated in this logon request. 	- Package name indicates which sub-protocol was used among the NTLM protocols. 	- Key length indicates the length of the generated session key. This will be 0 if no session key was requested."
"5/15/2026 11:54:44 AM","4624","An account was successfully logged on.  Subject: 	Security ID:		S-1-0-0 	Account Name:		- 	Account Domain:		- 	Logon ID:		0x0  Logon Information: 	Logon Type:		3 	Restricted Admin Mode:	- 	Virtual Account:		No 	Elevated Token:		Yes  Impersonation Level:		Impersonation  New Logon: 	Security ID:		S-1-5-18 	Account Name:		DC01$ 	Account Domain:		CORP.LOCAL 	Logon ID:		0x52199 	Linked Logon ID:		0x0 	Network Account Name:	- 	Network Account Domain:	- 	Logon GUID:		{02b365af-4172-e6ce-a574-b64b918b05a0}  Process Information: 	Process ID:		0x0 	Process Name:		-  Network Information: 	Workstation Name:	- 	Source Network Address:	fe80::82:b01f:cc61:77d 	Source Port:		49716  Detailed Authentication Information: 	Logon Process:		Kerberos 	Authentication Package:	Kerberos 	Transited Services:	- 	Package Name (NTLM only):	- 	Key Length:		0  This event is generated when a logon session is created. It is generated on the computer that was accessed.  The subject fields indicate the account on the local system which requested the logon. This is most commonly a service such as the Server service, or a local process such as Winlogon.exe or Services.exe.  The logon type field indicates the kind of logon that occurred. The most common types are 2 (interactive) and 3 (network).  The New Logon fields indicate the account for whom the new logon was created, i.e. the account that was logged on.  The network fields indicate where a remote logon request originated. Workstation name is not always available and may be left blank in some cases.  The impersonation level field indicates the extent to which a process in the logon session can impersonate.  The authentication information fields provide detailed information about this specific logon request. 	- Logon GUID is a unique identifier that can be used to correlate this event with a KDC event. 	- Transited services indicate which intermediate services have participated in this logon request. 	- Package name indicates which sub-protocol was used among the NTLM protocols. 	- Key length indicates the length of the generated session key. This will be 0 if no session key was requested."
"5/15/2026 11:54:43 AM","4624","An account was successfully logged on.  Subject: 	Security ID:		S-1-5-18 	Account Name:		DC01$ 	Account Domain:		CORP 	Logon ID:		0x3E7  Logon Information: 	Logon Type:		5 	Restricted Admin Mode:	- 	Virtual Account:		No 	Elevated Token:		Yes  Impersonation Level:		Impersonation  New Logon: 	Security ID:		S-1-5-18 	Account Name:		SYSTEM 	Account Domain:		NT AUTHORITY 	Logon ID:		0x3E7 	Linked Logon ID:		0x0 	Network Account Name:	- 	Network Account Domain:	- 	Logon GUID:		{00000000-0000-0000-0000-000000000000}  Process Information: 	Process ID:		0x278 	Process Name:		C:\Windows\System32\services.exe  Network Information: 	Workstation Name:	- 	Source Network Address:	- 	Source Port:		-  Detailed Authentication Information: 	Logon Process:		Advapi   	Authentication Package:	Negotiate 	Transited Services:	- 	Package Name (NTLM only):	- 	Key Length:		0  This event is generated when a logon session is created. It is generated on the computer that was accessed.  The subject fields indicate the account on the local system which requested the logon. This is most commonly a service such as the Server service, or a local process such as Winlogon.exe or Services.exe.  The logon type field indicates the kind of logon that occurred. The most common types are 2 (interactive) and 3 (network).  The New Logon fields indicate the account for whom the new logon was created, i.e. the account that was logged on.  The network fields indicate where a remote logon request originated. Workstation name is not always available and may be left blank in some cases.  The impersonation level field indicates the extent to which a process in the logon session can impersonate.  The authentication information fields provide detailed information about this specific logon request. 	- Logon GUID is a unique identifier that can be used to correlate this event with a KDC event. 	- Transited services indicate which intermediate services have participated in this logon request. 	- Package name indicates which sub-protocol was used among the NTLM protocols. 	- Key length indicates the length of the generated session key. This will be 0 if no session key was requested."
"5/15/2026 11:54:43 AM","4624","An account was successfully logged on.  Subject: 	Security ID:		S-1-5-18 	Account Name:		DC01$ 	Account Domain:		CORP 	Logon ID:		0x3E7  Logon Information: 	Logon Type:		5 	Restricted Admin Mode:	- 	Virtual Account:		No 	Elevated Token:		Yes  Impersonation Level:		Impersonation  New Logon: 	Security ID:		S-1-5-18 	Account Name:		SYSTEM 	Account Domain:		NT AUTHORITY 	Logon ID:		0x3E7 	Linked Logon ID:		0x0 	Network Account Name:	- 	Network Account Domain:	- 	Logon GUID:		{00000000-0000-0000-0000-000000000000}  Process Information: 	Process ID:		0x278 	Process Name:		C:\Windows\System32\services.exe  Network Information: 	Workstation Name:	- 	Source Network Address:	- 	Source Port:		-  Detailed Authentication Information: 	Logon Process:		Advapi   	Authentication Package:	Negotiate 	Transited Services:	- 	Package Name (NTLM only):	- 	Key Length:		0  This event is generated when a logon session is created. It is generated on the computer that was accessed.  The subject fields indicate the account on the local system which requested the logon. This is most commonly a service such as the Server service, or a local process such as Winlogon.exe or Services.exe.  The logon type field indicates the kind of logon that occurred. The most common types are 2 (interactive) and 3 (network).  The New Logon fields indicate the account for whom the new logon was created, i.e. the account that was logged on.  The network fields indicate where a remote logon request originated. Workstation name is not always available and may be left blank in some cases.  The impersonation level field indicates the extent to which a process in the logon session can impersonate.  The authentication information fields provide detailed information about this specific logon request. 	- Logon GUID is a unique identifier that can be used to correlate this event with a KDC event. 	- Transited services indicate which intermediate services have participated in this logon request. 	- Package name indicates which sub-protocol was used among the NTLM protocols. 	- Key length indicates the length of the generated session key. This will be 0 if no session key was requested."
"5/15/2026 11:54:43 AM","4624","An account was successfully logged on.  Subject: 	Security ID:		S-1-5-18 	Account Name:		DC01$ 	Account Domain:		CORP 	Logon ID:		0x3E7  Logon Information: 	Logon Type:		5 	Restricted Admin Mode:	- 	Virtual Account:		No 	Elevated Token:		Yes  Impersonation Level:		Impersonation  New Logon: 	Security ID:		S-1-5-18 	Account Name:		SYSTEM 	Account Domain:		NT AUTHORITY 	Logon ID:		0x3E7 	Linked Logon ID:		0x0 	Network Account Name:	- 	Network Account Domain:	- 	Logon GUID:		{00000000-0000-0000-0000-000000000000}  Process Information: 	Process ID:		0x278 	Process Name:		C:\Windows\System32\services.exe  Network Information: 	Workstation Name:	- 	Source Network Address:	- 	Source Port:		-  Detailed Authentication Information: 	Logon Process:		Advapi   	Authentication Package:	Negotiate 	Transited Services:	- 	Package Name (NTLM only):	- 	Key Length:		0  This event is generated when a logon session is created. It is generated on the computer that was accessed.  The subject fields indicate the account on the local system which requested the logon. This is most commonly a service such as the Server service, or a local process such as Winlogon.exe or Services.exe.  The logon type field indicates the kind of logon that occurred. The most common types are 2 (interactive) and 3 (network).  The New Logon fields indicate the account for whom the new logon was created, i.e. the account that was logged on.  The network fields indicate where a remote logon request originated. Workstation name is not always available and may be left blank in some cases.  The impersonation level field indicates the extent to which a process in the logon session can impersonate.  The authentication information fields provide detailed information about this specific logon request. 	- Logon GUID is a unique identifier that can be used to correlate this event with a KDC event. 	- Transited services indicate which intermediate services have participated in this logon request. 	- Package name indicates which sub-protocol was used among the NTLM protocols. 	- Key length indicates the length of the generated session key. This will be 0 if no session key was requested."
"5/15/2026 11:54:42 AM","4624","An account was successfully logged on.  Subject: 	Security ID:		S-1-5-18 	Account Name:		DC01$ 	Account Domain:		CORP 	Logon ID:		0x3E7  Logon Information: 	Logon Type:		5 	Restricted Admin Mode:	- 	Virtual Account:		No 	Elevated Token:		Yes  Impersonation Level:		Impersonation  New Logon: 	Security ID:		S-1-5-18 	Account Name:		SYSTEM 	Account Domain:		NT AUTHORITY 	Logon ID:		0x3E7 	Linked Logon ID:		0x0 	Network Account Name:	- 	Network Account Domain:	- 	Logon GUID:		{00000000-0000-0000-0000-000000000000}  Process Information: 	Process ID:		0x278 	Process Name:		C:\Windows\System32\services.exe  Network Information: 	Workstation Name:	- 	Source Network Address:	- 	Source Port:		-  Detailed Authentication Information: 	Logon Process:		Advapi   	Authentication Package:	Negotiate 	Transited Services:	- 	Package Name (NTLM only):	- 	Key Length:		0  This event is generated when a logon session is created. It is generated on the computer that was accessed.  The subject fields indicate the account on the local system which requested the logon. This is most commonly a service such as the Server service, or a local process such as Winlogon.exe or Services.exe.  The logon type field indicates the kind of logon that occurred. The most common types are 2 (interactive) and 3 (network).  The New Logon fields indicate the account for whom the new logon was created, i.e. the account that was logged on.  The network fields indicate where a remote logon request originated. Workstation name is not always available and may be left blank in some cases.  The impersonation level field indicates the extent to which a process in the logon session can impersonate.  The authentication information fields provide detailed information about this specific logon request. 	- Logon GUID is a unique identifier that can be used to correlate this event with a KDC event. 	- Transited services indicate which intermediate services have participated in this logon request. 	- Package name indicates which sub-protocol was used among the NTLM protocols. 	- Key length indicates the length of the generated session key. This will be 0 if no session key was requested."
"5/15/2026 11:54:42 AM","4624","An account was successfully logged on.  Subject: 	Security ID:		S-1-0-0 	Account Name:		- 	Account Domain:		- 	Logon ID:		0x0  Logon Information: 	Logon Type:		3 	Restricted Admin Mode:	- 	Virtual Account:		No 	Elevated Token:		Yes  Impersonation Level:		Impersonation  New Logon: 	Security ID:		S-1-5-18 	Account Name:		DC01$ 	Account Domain:		CORP.LOCAL 	Logon ID:		0x4E147 	Linked Logon ID:		0x0 	Network Account Name:	- 	Network Account Domain:	- 	Logon GUID:		{c4394b5c-3359-e878-a141-42731cb27540}  Process Information: 	Process ID:		0x0 	Process Name:		-  Network Information: 	Workstation Name:	- 	Source Network Address:	::1 	Source Port:		0  Detailed Authentication Information: 	Logon Process:		Kerberos 	Authentication Package:	Kerberos 	Transited Services:	- 	Package Name (NTLM only):	- 	Key Length:		0  This event is generated when a logon session is created. It is generated on the computer that was accessed.  The subject fields indicate the account on the local system which requested the logon. This is most commonly a service such as the Server service, or a local process such as Winlogon.exe or Services.exe.  The logon type field indicates the kind of logon that occurred. The most common types are 2 (interactive) and 3 (network).  The New Logon fields indicate the account for whom the new logon was created, i.e. the account that was logged on.  The network fields indicate where a remote logon request originated. Workstation name is not always available and may be left blank in some cases.  The impersonation level field indicates the extent to which a process in the logon session can impersonate.  The authentication information fields provide detailed information about this specific logon request. 	- Logon GUID is a unique identifier that can be used to correlate this event with a KDC event. 	- Transited services indicate which intermediate services have participated in this logon request. 	- Package name indicates which sub-protocol was used among the NTLM protocols. 	- Key length indicates the length of the generated session key. This will be 0 if no session key was requested."
