"5/15/2026 12:49:41 AM","4663","An attempt was made to access an object.  Subject: 	Security ID:		S-1-5-18 	Account Name:		DC01$ 	Account Domain:		CORP 	Logon ID:		0x3E7  Object: 	Object Server:		Security 	Object Type:		File 	Object Name:		\Device\CdRom0\AUTORUN.INF 	Handle ID:		0x220 	Resource Attributes:	  Process Information: 	Process ID:		0x760 	Process Name:		C:\Windows\System32\svchost.exe  Access Request Information: 	Accesses:		ReadData (or ListDirectory) 				 	Access Mask:		0x1"
"5/15/2026 12:49:41 AM","4663","An attempt was made to access an object.  Subject: 	Security ID:		S-1-5-18 	Account Name:		DC01$ 	Account Domain:		CORP 	Logon ID:		0x3E7  Object: 	Object Server:		Security 	Object Type:		File 	Object Name:		\Device\CdRom0\AUTORUN.INF 	Handle ID:		0x228 	Resource Attributes:	  Process Information: 	Process ID:		0x760 	Process Name:		C:\Windows\System32\svchost.exe  Access Request Information: 	Accesses:		ReadData (or ListDirectory) 				 	Access Mask:		0x1"
"5/15/2026 12:49:41 AM","4663","An attempt was made to access an object.  Subject: 	Security ID:		S-1-5-18 	Account Name:		DC01$ 	Account Domain:		CORP 	Logon ID:		0x3E7  Object: 	Object Server:		Security 	Object Type:		File 	Object Name:		\Device\CdRom0\AUTORUN.INF 	Handle ID:		0x228 	Resource Attributes:	  Process Information: 	Process ID:		0x760 	Process Name:		C:\Windows\System32\svchost.exe  Access Request Information: 	Accesses:		ReadData (or ListDirectory) 				 	Access Mask:		0x1"
"5/15/2026 12:49:41 AM","4663","An attempt was made to access an object.  Subject: 	Security ID:		S-1-5-18 	Account Name:		DC01$ 	Account Domain:		CORP 	Logon ID:		0x3E7  Object: 	Object Server:		Security 	Object Type:		File 	Object Name:		\Device\CdRom0\AUTORUN.INF 	Handle ID:		0x228 	Resource Attributes:	  Process Information: 	Process ID:		0x760 	Process Name:		C:\Windows\System32\svchost.exe  Access Request Information: 	Accesses:		ReadData (or ListDirectory) 				 	Access Mask:		0x1"
"5/15/2026 10:49:37 AM","4663","An attempt was made to access an object.  Subject: 	Security ID:		S-1-5-18 	Account Name:		DC01$ 	Account Domain:		CORP 	Logon ID:		0x3E7  Object: 	Object Server:		Security 	Object Type:		Key 	Object Name:		\REGISTRY\MACHINE\SOFTWARE\Microsoft\Windows NT\CurrentVersion\BackgroundModel\Policy 	Handle ID:		0x358 	Resource Attributes:	-  Process Information: 	Process ID:		0x354 	Process Name:		C:\Windows\System32\svchost.exe  Access Request Information: 	Accesses:		Notify about changes to keys 				 	Access Mask:		0x10"
